0 info it worked if it ends with ok
1 verbose cli [ '/Users/fding/.nvm/versions/node/v6.10.3/bin/node',
1 verbose cli   '/Users/fding/.nvm/versions/node/v6.10.3/bin/npm',
1 verbose cli   'run',
1 verbose cli   'pack' ]
2 info using npm@3.10.10
3 info using node@v6.10.3
4 verbose run-script [ 'prepack', 'pack', 'postpack' ]
5 info lifecycle agave@1.0.0~prepack: agave@1.0.0
6 silly lifecycle agave@1.0.0~prepack: no script for prepack, continuing
7 info lifecycle agave@1.0.0~pack: agave@1.0.0
8 verbose lifecycle agave@1.0.0~pack: unsafe-perm in lifecycle true
9 verbose lifecycle agave@1.0.0~pack: PATH: /Users/fding/.nvm/versions/node/v6.10.3/lib/node_modules/npm/bin/node-gyp-bin:/Users/fding/Documents/agave/node_modules/.bin:/usr/local/opt/rbenv/shims:/Users/fding/.nvm/versions/node/v6.10.3/bin:/usr/local/opt/rbenv/shims:/usr/local/opt/rbenv/bin:/Users/fding/.cargo/bin:/usr/local/bin:/usr/bin:/bin:/usr/sbin:/sbin:/usr/local/sbin:/Applications/Postgres.app/Contents/Versions/latest/bin
10 verbose lifecycle agave@1.0.0~pack: CWD: /Users/fding/Documents/agave
11 silly lifecycle agave@1.0.0~pack: Args: [ '-c', 'webpack --watch' ]
12 silly lifecycle agave@1.0.0~pack: Returned: code: 1  signal: null
13 info lifecycle agave@1.0.0~pack: Failed to exec pack script
14 verbose stack Error: agave@1.0.0 pack: `webpack --watch`
14 verbose stack Exit status 1
14 verbose stack     at EventEmitter.<anonymous> (/Users/fding/.nvm/versions/node/v6.10.3/lib/node_modules/npm/lib/utils/lifecycle.js:255:16)
14 verbose stack     at emitTwo (events.js:106:13)
14 verbose stack     at EventEmitter.emit (events.js:191:7)
14 verbose stack     at ChildProcess.<anonymous> (/Users/fding/.nvm/versions/node/v6.10.3/lib/node_modules/npm/lib/utils/spawn.js:40:14)
14 verbose stack     at emitTwo (events.js:106:13)
14 verbose stack     at ChildProcess.emit (events.js:191:7)
14 verbose stack     at maybeClose (internal/child_process.js:886:16)
14 verbose stack     at Process.ChildProcess._handle.onexit (internal/child_process.js:226:5)
15 verbose pkgid agave@1.0.0
16 verbose cwd /Users/fding/Documents/agave
17 error Darwin 16.7.0
18 error argv "/Users/fding/.nvm/versions/node/v6.10.3/bin/node" "/Users/fding/.nvm/versions/node/v6.10.3/bin/npm" "run" "pack"
19 error node v6.10.3
20 error npm  v3.10.10
21 error code ELIFECYCLE
22 error agave@1.0.0 pack: `webpack --watch`
22 error Exit status 1
23 error Failed at the agave@1.0.0 pack script 'webpack --watch'.
23 error Make sure you have the latest version of node.js and npm installed.
23 error If you do, this is most likely a problem with the agave package,
23 error not with npm itself.
23 error Tell the author that this fails on your system:
23 error     webpack --watch
23 error You can get information on how to open an issue for this project with:
23 error     npm bugs agave
23 error Or if that isn't available, you can get their info via:
23 error     npm owner ls agave
23 error There is likely additional logging output above.
24 verbose exit [ 1, true ]
